=== 주식 자동 포스팅 시작: Sun Mar  1 07:35:20 PST 2026 ===
글 발행 완료했습니다.

---

**발행 글 요약**

**제목:** `2026년 3월 경제지표 분석: 연준 금리 동결·금 5,278달러·유가 67달러…지금 어디에 투자해야 하나`

**파일:** `content/posts/2026-03-01-2026-3월-경제지표-분석-연준-금리-금-달러-투자전략/index.md`

**주요 내용:**
- **연준 FOMC**: 금리 3.50~3.75% 동결, 미국 CPI 2.7%, 3월 17~18일 회의 예정
- **원달러 환율**: 3월 평균 1,386원 예상, 고환율 기조 지속
- **국제유가(WTI)**: 67달러선, 공급과잉으로 연간 57~60달러 전망
- **금 가격**: 온스당 5,278달러 (1년 새 +85%), 목표치 6,000달러 이상
- **미국 증시**: S&P500 목표 7,600~7,800 (모건스탠리·골드만삭스), AI 인프라 3조 달러 투자
- **한국 증시**: 반도체(삼성+하이닉스 합산 170~190조 영업이익) 중심
- **자산배분 전략**: 주식 비중 확대·금 헤지 유지·원자재 축소 방향성 제시

Sources:
- [J.P. Morgan: Fed Meeting January 2026](https://www.jpmorgan.com/insights/markets-and-economy/economy/fed-meeting-january-2026)
- [Federal Reserve: FOMC Minutes January 27-28, 2026](https://www.federalreserve.gov/monetarypolicy/fomcminutes20260128.htm)
- [Morgan Stanley: 2026 Investment Outlook](https://www.morganstanley.com/insights/articles/stock-market-investment-outlook-2026)
- [KB의 생각: 2026 원달러 환율 전망](https://kbthink.com/investment/issues/2026-krw-usd-outlook.html)
- [KB의 생각: 금·은 가격 전망](https://kbthink.com/investment/issues/gold-silver-price.html)
=== 주식 자동 포스팅 완료: Sun Mar  1 07:38:34 PST 2026 ===
